Wed 22 Mar 2023 11:19:22 AM UTC: 
 tests:  0|6
total_score: 0/70
c4c78b5
Thu 23 Mar 2023 01:00:54 AM UTC: 
 list.c | 2 ++
 1 file changed, 2 insertions(+)
In file included from test.c:5:
list.c: In function ‘createList’:
list.c:33:3: error: unknown type name ‘list’; did you mean ‘List’?
   33 |   list v = (list*) malloc(sizeof(Node))
      |   ^~~~
      |   List
list.c:33:13: error: ‘list’ undeclared (first use in this function); did you mean ‘List’?
   33 |   list v = (list*) malloc(sizeof(Node))
      |             ^~~~
      |             List
list.c:33:13: note: each undeclared identifier is reported only once for each function it appears in
list.c:33:18: error: expected expression before ‘)’ token
   33 |   list v = (list*) malloc(sizeof(Node))
      |                  ^
list.c:33:8: error: unused variable ‘v’ [-Werror=unused-variable]
   33 |   list v = (list*) malloc(sizeof(Node))
      |        ^
list.c:35:1: error: control reaches end of non-void function [-Werror=return-type]
   35 | }
      | ^
cc1: all warnings being treated as errors
Compilation failed
15d6eec
Thu 23 Mar 2023 01:01:14 AM UTC: 
 list.c | 2 +-
 1 file changed, 1 insertion(+), 1 deletion(-)
 tests:  0|6
total_score: 0/70
4d53de2
Thu 23 Mar 2023 01:56:14 AM UTC: 
 list.c | 10 ++++++++--
 1 file changed, 8 insertions(+), 2 deletions(-)
In file included from test.c:5:
list.c: In function ‘createList’:
list.c:34:3: error: expected ‘,’ or ‘;’ before ‘if’
   34 |   if(v == NULL) EXIT_FAILURE;
      |   ^~
Compilation failed
55f6842
Thu 23 Mar 2023 01:56:33 AM UTC: 
 list.c | 5 ++++-
 1 file changed, 4 insertions(+), 1 deletion(-)
In file included from test.c:5:
list.c: In function ‘createList’:
list.c:34:3: error: expected ‘,’ or ‘;’ before ‘if’
   34 |   if(v == NULL){
      |   ^~
Compilation failed
bd1223e
Thu 23 Mar 2023 01:56:41 AM UTC: 
 list.c | 2 +-
 1 file changed, 1 insertion(+), 1 deletion(-)
 tests:  1|5
total_score: 10/70
14a71a5
Thu 23 Mar 2023 02:05:40 AM UTC: 
 list.c | 5 ++---
 1 file changed, 2 insertions(+), 3 deletions(-)
 tests:  1|5
total_score: 10/70
68b5a4f
Thu 23 Mar 2023 02:48:43 AM UTC: 
 list.c | 12 ++++++++----
 1 file changed, 8 insertions(+), 4 deletions(-)
In file included from test.c:5:
list.c: In function ‘firstList’:
list.c:48:3: error: ‘lista’ undeclared (first use in this function); did you mean ‘list’?
   48 |   lista->current = lista->head;
      |   ^~~~~
      |   list
list.c:48:3: note: each undeclared identifier is reported only once for each function it appears in
list.c:51:1: error: control reaches end of non-void function [-Werror=return-type]
   51 | }
      | ^
cc1: all warnings being treated as errors
Compilation failed
fb03aa6
Thu 23 Mar 2023 02:48:58 AM UTC: 
 list.c | 4 ++--
 1 file changed, 2 insertions(+), 2 deletions(-)
 tests:  2|5
total_score: 15/70
71056e6
Thu 23 Mar 2023 02:49:07 AM UTC: 
 list.c | 2 +-
 1 file changed, 1 insertion(+), 1 deletion(-)
 tests:  2|5
total_score: 15/70
d576a7b
Thu 23 Mar 2023 02:49:22 AM UTC: 
 list.c | 2 +-
 1 file changed, 1 insertion(+), 1 deletion(-)
 tests:  2|5
total_score: 15/70
86b2215
Thu 23 Mar 2023 02:51:38 AM UTC: 
 list.c | 6 ++++++
 1 file changed, 6 insertions(+)
In file included from test.c:5:
list.c: In function ‘nextList’:
list.c:59:3: error: ‘lista’ undeclared (first use in this function); did you mean ‘list’?
   59 |   lista->current = lista->current->next;
      |   ^~~~~
      |   list
list.c:59:3: note: each undeclared identifier is reported only once for each function it appears in
list.c:61:1: error: control reaches end of non-void function [-Werror=return-type]
   61 | }
      | ^
cc1: all warnings being treated as errors
Compilation failed
0677135
Thu 23 Mar 2023 02:51:51 AM UTC: 
 list.c | 4 ++--
 1 file changed, 2 insertions(+), 2 deletions(-)
 tests:  0|0
48f2424
Thu 23 Mar 2023 02:52:52 AM UTC: 
 list.c | 2 +-
 1 file changed, 1 insertion(+), 1 deletion(-)
 tests:  0|0
4b0ec08
Thu 23 Mar 2023 02:54:58 AM UTC: 
 list.c | 5 +++--
 1 file changed, 3 insertions(+), 2 deletions(-)
 tests:  0|0
52b2bf8
Thu 23 Mar 2023 02:55:11 AM UTC: 
 list.c | 4 ++--
 1 file changed, 2 insertions(+), 2 deletions(-)
In file included from test.c:5:
list.c: In function ‘nextList’:
list.c:62:1: error: control reaches end of non-void function [-Werror=return-type]
   62 | }
      | ^
cc1: all warnings being treated as errors
Compilation failed
69d459e
Thu 23 Mar 2023 02:55:25 AM UTC: 
 list.c | 6 +++---
 1 file changed, 3 insertions(+), 3 deletions(-)
 tests:  2|5
total_score: 15/70
af0e432
Thu 23 Mar 2023 02:56:35 AM UTC: 
 list.c | 9 ++++-----
 1 file changed, 4 insertions(+), 5 deletions(-)
 tests:  2|5
total_score: 15/70
5aff770
Thu 23 Mar 2023 02:57:10 AM UTC: 
 list.c | 1 +
 1 file changed, 1 insertion(+)
 tests:  2|5
total_score: 15/70
0660d28
Thu 23 Mar 2023 02:57:52 AM UTC: 
 list.c | 2 +-
 1 file changed, 1 insertion(+), 1 deletion(-)
 tests:  0|0
a625814
Thu 23 Mar 2023 02:58:07 AM UTC: 
 list.c | 2 +-
 1 file changed, 1 insertion(+), 1 deletion(-)
 tests:  2|5
total_score: 15/70
8a91aa2
Thu 23 Mar 2023 03:00:44 AM UTC: 
 list.c | 7 ++++++-
 1 file changed, 6 insertions(+), 1 deletion(-)
In file included from test.c:5:
list.c: In function ‘nextList’:
list.c:66:31: error: expected ‘;’ before ‘}’ token
   66 |     return list->current->data
      |                               ^
      |                               ;
   67 | }
      | ~                              
Compilation failed
b1b9767
Thu 23 Mar 2023 03:01:00 AM UTC: 
 list.c | 2 +-
 1 file changed, 1 insertion(+), 1 deletion(-)
 tests:  5|4
total_score: 25/70
e30c451
Thu 23 Mar 2023 03:03:48 AM UTC: 
 list.c | 7 +++++++
 1 file changed, 7 insertions(+)
 tests:  6|4
total_score: 25/70
facf4fe
Thu 23 Mar 2023 03:05:34 AM UTC: 
 list.c | 11 +++++++++++
 1 file changed, 11 insertions(+)
In file included from test.c:5:
list.c: In function ‘prevList’:
list.c:91:38: error: expected ‘;’ before ‘return’
   91 |   list->current = list->current->prev
      |                                      ^
      |                                      ;
   92 |     return list->current->data;
      |     ~~~~~~                            
list.c:93:1: error: control reaches end of non-void function [-Werror=return-type]
   93 | }
      | ^
cc1: all warnings being treated as errors
Compilation failed
901e430
Thu 23 Mar 2023 03:05:41 AM UTC: 
 list.c | 2 +-
 1 file changed, 1 insertion(+), 1 deletion(-)
 tests:  9|3
total_score: 35/70
b1a028e
Thu 23 Mar 2023 03:12:19 AM UTC: 
 list.c | 4 ++++
 1 file changed, 4 insertions(+)
In file included from test.c:5:
list.c: In function ‘pushFront’:
list.c:96:10: error: ‘newData’ undeclared (first use in this function)
   96 |   list * newData = createnode(data);
      |          ^~~~~~~
list.c:96:10: note: each undeclared identifier is reported only once for each function it appears in
list.c:96:20: error: implicit declaration of function ‘createnode’; did you mean ‘createNode’? [-Werror=implicit-function-declaration]
   96 |   list * newData = createnode(data);
      |                    ^~~~~~~~~~
      |                    createNode
cc1: all warnings being treated as errors
Compilation failed
b3ea9e6
Thu 23 Mar 2023 03:12:32 AM UTC: 
 list.c | 2 +-
 1 file changed, 1 insertion(+), 1 deletion(-)
In file included from test.c:5:
list.c: In function ‘pushFront’:
list.c:96:20: error: implicit declaration of function ‘createnode’; did you mean ‘createNode’? [-Werror=implicit-function-declaration]
   96 |   List * newData = createnode(data);
      |                    ^~~~~~~~~~
      |                    createNode
list.c:96:20: error: initialization of ‘List *’ {aka ‘struct List *’} from ‘int’ makes pointer from integer without a cast [-Werror=int-conversion]
list.c:97:10: error: ‘List’ {aka ‘struct List’} has no member named ‘next’
   97 |   newData->next = list->head;
      |          ^~
cc1: all warnings being treated as errors
Compilation failed
660285d
Thu 23 Mar 2023 03:12:41 AM UTC: 
 list.c | 2 +-
 1 file changed, 1 insertion(+), 1 deletion(-)
In file included from test.c:5:
list.c: In function ‘pushFront’:
list.c:96:20: error: initialization of ‘List *’ {aka ‘struct List *’} from incompatible pointer type ‘Node *’ [-Werror=incompatible-pointer-types]
   96 |   List * newData = createNode(data);
      |                    ^~~~~~~~~~
list.c:97:10: error: ‘List’ {aka ‘struct List’} has no member named ‘next’
   97 |   newData->next = list->head;
      |          ^~
cc1: all warnings being treated as errors
Compilation failed
249af30
Thu 23 Mar 2023 03:13:19 AM UTC: 
 list.c | 2 +-
 1 file changed, 1 insertion(+), 1 deletion(-)
In file included from test.c:5:
list.c: In function ‘pushFront’:
list.c:98:29: error: ‘Node’ has no member named ‘head’
   98 |   list->head->prev = newData->head;
      |                             ^~
Compilation failed
edb064e
Thu 23 Mar 2023 03:13:46 AM UTC: 
 list.c | 2 +-
 1 file changed, 1 insertion(+), 1 deletion(-)
 tests:  0|0
a2ef1c3
Thu 23 Mar 2023 03:20:21 AM UTC: 
 list.c | 14 +++++++++++---
 1 file changed, 11 insertions(+), 3 deletions(-)
 tests:  9|3
total_score: 35/70
98c550f
Thu 23 Mar 2023 03:22:06 AM UTC: 
 list.c | 7 +++++--
 1 file changed, 5 insertions(+), 2 deletions(-)
 tests:  10|2
total_score: 45/70
38cbe67
Thu 23 Mar 2023 03:22:24 AM UTC: 
 list.c | 2 +-
 1 file changed, 1 insertion(+), 1 deletion(-)
 tests:  10|2
total_score: 45/70
c853034
Thu 23 Mar 2023 03:22:35 AM UTC: 
 list.c | 2 +-
 1 file changed, 1 insertion(+), 1 deletion(-)
 tests:  10|2
total_score: 45/70
a93465a
Thu 23 Mar 2023 03:25:56 AM UTC: 
 list.c | 12 +++---------
 1 file changed, 3 insertions(+), 9 deletions(-)
 tests:  9|3
total_score: 35/70
7ca96db
Thu 23 Mar 2023 03:27:36 AM UTC: 
 list.c | 6 ++++++
 1 file changed, 6 insertions(+)
 tests:  9|3
total_score: 35/70
f2432b1
Thu 23 Mar 2023 03:27:47 AM UTC: 
 list.c | 4 ++--
 1 file changed, 2 insertions(+), 2 deletions(-)
 tests:  9|3
total_score: 35/70
a6699d2
Thu 23 Mar 2023 03:28:36 AM UTC: 
 list.c | 1 +
 1 file changed, 1 insertion(+)
 tests:  9|3
total_score: 35/70
e11a79f
Thu 23 Mar 2023 03:29:24 AM UTC: 
 list.c | 2 ++
 1 file changed, 2 insertions(+)
 tests:  10|2
total_score: 45/70
635be11
Thu 23 Mar 2023 03:29:42 AM UTC: 
 list.c | 4 ++--
 1 file changed, 2 insertions(+), 2 deletions(-)
 tests:  9|3
total_score: 35/70
ffbd24d
Thu 23 Mar 2023 03:30:04 AM UTC: 
 list.c | 8 ++------
 1 file changed, 2 insertions(+), 6 deletions(-)
 tests:  10|2
total_score: 45/70
ef4883a
Thu 23 Mar 2023 10:14:16 PM UTC: 
 list.c | 23 +++++++++++++++++++++++
 1 file changed, 23 insertions(+)
In file included from test.c:5:
list.c: In function ‘pushCurrent’:
list.c:118:19: error: expected ‘=’, ‘,’, ‘;’, ‘asm’ or ‘__attribute__’ before ‘createNode’
  118 |   Node *nuevoNodo createNode(data);
      |                   ^~~~~~~~~~
list.c:122:18: error: ‘nuevoNodo’ undeclared (first use in this function)
  122 |     list->head = nuevoNodo;
      |                  ^~~~~~~~~
list.c:122:18: note: each undeclared identifier is reported only once for each function it appears in
Compilation failed
c2cb805
Thu 23 Mar 2023 10:14:42 PM UTC: 
 list.c | 2 +-
 1 file changed, 1 insertion(+), 1 deletion(-)
 tests:  10|2
total_score: 45/70
4a66b12
